Analysis & Synthesis report for check_uart_rx
Fri May 24 11:18:34 2024
Quartus II 64-Bit Version 13.1.0 Build 162 10/23/2013 SJ Web Edition


---------------------
; Table of Contents ;
---------------------
  1. Legal Notice
  2. Analysis & Synthesis Summary
  3. Analysis & Synthesis Settings
  4. Parallel Compilation
  5. Analysis & Synthesis Source Files Read
  6. Analysis & Synthesis Resource Usage Summary
  7. Analysis & Synthesis Resource Utilization by Entity
  8. State Machine - |top|byte2ascill:u_byte2ascill|c_state
  9. Registers Removed During Synthesis
 10. General Register Statistics
 11. Inverted Register Statistics
 12. Multiplexer Restructuring Statistics (Restructuring Performed)
 13. Parameter Settings for User Entity Instance: Top-level Entity: |top
 14. Parameter Settings for User Entity Instance: byte2ascill:u_byte2ascill
 15. Parameter Settings for User Entity Instance: uart_tx:u_uart_tx
 16. Parameter Settings for User Entity Instance: uart_rx:u_uart_rx
 17. Port Connectivity Checks: "fnd:u_fnd_2"
 18. Port Connectivity Checks: "fnd:u_fnd_1"
 19. Elapsed Time Per Partition
 20. Analysis & Synthesis Messages
 21. Analysis & Synthesis Suppressed Messages



----------------
; Legal Notice ;
----------------
Copyright (C) 1991-2013 Altera Corporation
Your use of Altera Corporation's design tools, logic functions 
and other software and tools, and its AMPP partner logic 
functions, and any output files from any of the foregoing 
(including device programming or simulation files), and any 
associated documentation or information are expressly subject 
to the terms and conditions of the Altera Program License 
Subscription Agreement, Altera MegaCore Function License 
Agreement, or other applicable license agreement, including, 
without limitation, that your use is for the sole purpose of 
programming logic devices manufactured by Altera and sold by 
Altera or its authorized distributors.  Please refer to the 
applicable agreement for further details.



+---------------------------------------------------------------------------------+
; Analysis & Synthesis Summary                                                    ;
+------------------------------------+--------------------------------------------+
; Analysis & Synthesis Status        ; Successful - Fri May 24 11:18:34 2024      ;
; Quartus II 64-Bit Version          ; 13.1.0 Build 162 10/23/2013 SJ Web Edition ;
; Revision Name                      ; check_uart_rx                              ;
; Top-level Entity Name              ; top                                        ;
; Family                             ; Cyclone III                                ;
; Total logic elements               ; 147                                        ;
;     Total combinational functions  ; 125                                        ;
;     Dedicated logic registers      ; 97                                         ;
; Total registers                    ; 97                                         ;
; Total pins                         ; 19                                         ;
; Total virtual pins                 ; 0                                          ;
; Total memory bits                  ; 0                                          ;
; Embedded Multiplier 9-bit elements ; 0                                          ;
; Total PLLs                         ; 0                                          ;
+------------------------------------+--------------------------------------------+


+----------------------------------------------------------------------------------------------------------------------+
; Analysis & Synthesis Settings                                                                                        ;
+----------------------------------------------------------------------------+--------------------+--------------------+
; Option                                                                     ; Setting            ; Default Value      ;
+----------------------------------------------------------------------------+--------------------+--------------------+
; Device                                                                     ; EP3C16F484C6       ;                    ;
; Top-level entity name                                                      ; top                ; check_uart_rx      ;
; Family name                                                                ; Cyclone III        ; Cyclone IV GX      ;
; Use smart compilation                                                      ; Off                ; Off                ;
; Enable parallel Assembler and TimeQuest Timing Analyzer during compilation ; On                 ; On                 ;
; Enable compact report table                                                ; Off                ; Off                ;
; Restructure Multiplexers                                                   ; Auto               ; Auto               ;
; Create Debugging Nodes for IP Cores                                        ; Off                ; Off                ;
; Preserve fewer node names                                                  ; On                 ; On                 ;
; Disable OpenCore Plus hardware evaluation                                  ; Off                ; Off                ;
; Verilog Version                                                            ; Verilog_2001       ; Verilog_2001       ;
; VHDL Version                                                               ; VHDL_1993          ; VHDL_1993          ;
; State Machine Processing                                                   ; Auto               ; Auto               ;
; Safe State Machine                                                         ; Off                ; Off                ;
; Extract Verilog State Machines                                             ; On                 ; On                 ;
; Extract VHDL State Machines                                                ; On                 ; On                 ;
; Ignore Verilog initial constructs                                          ; Off                ; Off                ;
; Iteration limit for constant Verilog loops                                 ; 5000               ; 5000               ;
; Iteration limit for non-constant Verilog loops                             ; 250                ; 250                ;
; Add Pass-Through Logic to Inferred RAMs                                    ; On                 ; On                 ;
; Infer RAMs from Raw Logic                                                  ; On                 ; On                 ;
; Parallel Synthesis                                                         ; On                 ; On                 ;
; DSP Block Balancing                                                        ; Auto               ; Auto               ;
; NOT Gate Push-Back                                                         ; On                 ; On                 ;
; Power-Up Don't Care                                                        ; On                 ; On                 ;
; Remove Redundant Logic Cells                                               ; Off                ; Off                ;
; Remove Duplicate Registers                                                 ; On                 ; On                 ;
; Ignore CARRY Buffers                                                       ; Off                ; Off                ;
; Ignore CASCADE Buffers                                                     ; Off                ; Off                ;
; Ignore GLOBAL Buffers                                                      ; Off                ; Off                ;
; Ignore ROW GLOBAL Buffers                                                  ; Off                ; Off                ;
; Ignore LCELL Buffers                                                       ; Off                ; Off                ;
; Ignore SOFT Buffers                                                        ; On                 ; On                 ;
; Limit AHDL Integers to 32 Bits                                             ; Off                ; Off                ;
; Optimization Technique                                                     ; Balanced           ; Balanced           ;
; Carry Chain Length                                                         ; 70                 ; 70                 ;
; Auto Carry Chains                                                          ; On                 ; On                 ;
; Auto Open-Drain Pins                                                       ; On                 ; On                 ;
; Perform WYSIWYG Primitive Resynthesis                                      ; Off                ; Off                ;
; Auto ROM Replacement                                                       ; On                 ; On                 ;
; Auto RAM Replacement                                                       ; On                 ; On                 ;
; Auto DSP Block Replacement                                                 ; On                 ; On                 ;
; Auto Shift Register Replacement                                            ; Auto               ; Auto               ;
; Allow Shift Register Merging across Hierarchies                            ; Auto               ; Auto               ;
; Auto Clock Enable Replacement                                              ; On                 ; On                 ;
; Strict RAM Replacement                                                     ; Off                ; Off                ;
; Allow Synchronous Control Signals                                          ; On                 ; On                 ;
; Force Use of Synchronous Clear Signals                                     ; Off                ; Off                ;
; Auto RAM Block Balancing                                                   ; On                 ; On                 ;
; Auto RAM to Logic Cell Conversion                                          ; Off                ; Off                ;
; Auto Resource Sharing                                                      ; Off                ; Off                ;
; Allow Any RAM Size For Recognition                                         ; Off                ; Off                ;
; Allow Any ROM Size For Recognition                                         ; Off                ; Off                ;
; Allow Any Shift Register Size For Recognition                              ; Off                ; Off                ;
; Use LogicLock Constraints during Resource Balancing                        ; On                 ; On                 ;
; Ignore translate_off and synthesis_off directives                          ; Off                ; Off                ;
; Timing-Driven Synthesis                                                    ; On                 ; On                 ;
; Report Parameter Settings                                                  ; On                 ; On                 ;
; Report Source Assignments                                                  ; On                 ; On                 ;
; Report Connectivity Checks                                                 ; On                 ; On                 ;
; Ignore Maximum Fan-Out Assignments                                         ; Off                ; Off                ;
; Synchronization Register Chain Length                                      ; 2                  ; 2                  ;
; PowerPlay Power Optimization                                               ; Normal compilation ; Normal compilation ;
; HDL message level                                                          ; Level2             ; Level2             ;
; Suppress Register Optimization Related Messages                            ; Off                ; Off                ;
; Number of Removed Registers Reported in Synthesis Report                   ; 5000               ; 5000               ;
; Number of Swept Nodes Reported in Synthesis Report                         ; 5000               ; 5000               ;
; Number of Inverted Registers Reported in Synthesis Report                  ; 100                ; 100                ;
; Clock MUX Protection                                                       ; On                 ; On                 ;
; Auto Gated Clock Conversion                                                ; Off                ; Off                ;
; Block Design Naming                                                        ; Auto               ; Auto               ;
; SDC constraint protection                                                  ; Off                ; Off                ;
; Synthesis Effort                                                           ; Auto               ; Auto               ;
; Shift Register Replacement - Allow Asynchronous Clear Signal               ; On                 ; On                 ;
; Pre-Mapping Resynthesis Optimization                                       ; Off                ; Off                ;
; Analysis & Synthesis Message Level                                         ; Medium             ; Medium             ;
; Disable Register Merging Across Hierarchies                                ; Auto               ; Auto               ;
; Resource Aware Inference For Block RAM                                     ; On                 ; On                 ;
; Synthesis Seed                                                             ; 1                  ; 1                  ;
+----------------------------------------------------------------------------+--------------------+--------------------+


+------------------------------------------+
; Parallel Compilation                     ;
+----------------------------+-------------+
; Processors                 ; Number      ;
+----------------------------+-------------+
; Number detected on machine ; 8           ;
; Maximum allowed            ; 4           ;
;                            ;             ;
; Average used               ; 1.00        ;
; Maximum used               ; 1           ;
;                            ;             ;
; Usage by Processor         ; % Time Used ;
;     Processor 1            ; 100.0%      ;
;     Processors 2-8         ;   0.0%      ;
+----------------------------+-------------+


+----------------------------------------------------------------------------------------------------------------------------------------------------+
; Analysis & Synthesis Source Files Read                                                                                                             ;
+----------------------------------+-----------------+------------------------+------------------------------------------------------------+---------+
; File Name with User-Entered Path ; Used in Netlist ; File Type              ; File Name with Absolute Path                               ; Library ;
+----------------------------------+-----------------+------------------------+------------------------------------------------------------+---------+
; ../week10/uart_tx.v              ; yes             ; User Verilog HDL File  ; C:/Users/yjhoo/VerilogHDL/3th/FPGA/week10/uart_tx.v        ;         ;
; ../week10/uart_rx.v              ; yes             ; User Verilog HDL File  ; C:/Users/yjhoo/VerilogHDL/3th/FPGA/week10/uart_rx.v        ;         ;
; ../week10/tb_uart_rx.v           ; yes             ; User Verilog HDL File  ; C:/Users/yjhoo/VerilogHDL/3th/FPGA/week10/tb_uart_rx.v     ;         ;
; ../week10/spi_master_adc.v       ; yes             ; User Verilog HDL File  ; C:/Users/yjhoo/VerilogHDL/3th/FPGA/week10/spi_master_adc.v ;         ;
; ../week10/byte2ascii.v           ; yes             ; User Verilog HDL File  ; C:/Users/yjhoo/VerilogHDL/3th/FPGA/week10/byte2ascii.v     ;         ;
; ../week11/top.v                  ; yes             ; User Verilog HDL File  ; C:/Users/yjhoo/VerilogHDL/3th/FPGA/week11/top.v            ;         ;
; ../week11/fnd.v                  ; yes             ; User Verilog HDL File  ; C:/Users/yjhoo/VerilogHDL/3th/FPGA/week11/fnd.v            ;         ;
+----------------------------------+-----------------+------------------------+------------------------------------------------------------+---------+


+---------------------------------------------------------+
; Analysis & Synthesis Resource Usage Summary             ;
+---------------------------------------------+-----------+
; Resource                                    ; Usage     ;
+---------------------------------------------+-----------+
; Estimated Total logic elements              ; 147       ;
;                                             ;           ;
; Total combinational functions               ; 125       ;
; Logic element usage by number of LUT inputs ;           ;
;     -- 4 input functions                    ; 56        ;
;     -- 3 input functions                    ; 28        ;
;     -- <=2 input functions                  ; 41        ;
;                                             ;           ;
; Logic elements by mode                      ;           ;
;     -- normal mode                          ; 117       ;
;     -- arithmetic mode                      ; 8         ;
;                                             ;           ;
; Total registers                             ; 97        ;
;     -- Dedicated logic registers            ; 97        ;
;     -- I/O registers                        ; 0         ;
;                                             ;           ;
; I/O pins                                    ; 19        ;
; Embedded Multiplier 9-bit elements          ; 0         ;
; Maximum fan-out node                        ; clk~input ;
; Maximum fan-out                             ; 97        ;
; Total fan-out                               ; 764       ;
; Average fan-out                             ; 2.94      ;
+---------------------------------------------+-----------+


+--------------------------------------------------------------------------------------------------------------------------------------------------------------------------------------------------------+
; Analysis & Synthesis Resource Utilization by Entity                                                                                                                                                    ;
+--------------------------------------+-------------------+--------------+-------------+--------------+---------+-----------+------+--------------+--------------------------------------+--------------+
; Compilation Hierarchy Node           ; LC Combinationals ; LC Registers ; Memory Bits ; DSP Elements ; DSP 9x9 ; DSP 18x18 ; Pins ; Virtual Pins ; Full Hierarchy Name                  ; Library Name ;
+--------------------------------------+-------------------+--------------+-------------+--------------+---------+-----------+------+--------------+--------------------------------------+--------------+
; |top                                 ; 125 (9)           ; 97 (10)      ; 0           ; 0            ; 0       ; 0         ; 19   ; 0            ; |top                                 ; work         ;
;    |byte2ascill:u_byte2ascill|       ; 29 (29)           ; 22 (22)      ; 0           ; 0            ; 0       ; 0         ; 0    ; 0            ; |top|byte2ascill:u_byte2ascill       ; work         ;
;    |fnd:u_fnd_1|                     ; 1 (1)             ; 0 (0)        ; 0           ; 0            ; 0       ; 0         ; 0    ; 0            ; |top|fnd:u_fnd_1                     ; work         ;
;    |fnd:u_fnd_2|                     ; 1 (1)             ; 0 (0)        ; 0           ; 0            ; 0       ; 0         ; 0    ; 0            ; |top|fnd:u_fnd_2                     ; work         ;
;    |spi_master_adc:u_spi_master_adc| ; 35 (35)           ; 24 (24)      ; 0           ; 0            ; 0       ; 0         ; 0    ; 0            ; |top|spi_master_adc:u_spi_master_adc ; work         ;
;    |uart_rx:u_uart_rx|               ; 25 (25)           ; 22 (22)      ; 0           ; 0            ; 0       ; 0         ; 0    ; 0            ; |top|uart_rx:u_uart_rx               ; work         ;
;    |uart_tx:u_uart_tx|               ; 25 (25)           ; 19 (19)      ; 0           ; 0            ; 0       ; 0         ; 0    ; 0            ; |top|uart_tx:u_uart_tx               ; work         ;
+--------------------------------------+-------------------+--------------+-------------+--------------+---------+-----------+------+--------------+--------------------------------------+--------------+
Note: For table entries with two numbers listed, the numbers in parentheses indicate the number of resources of the given type used by the specific entity alone. The numbers listed outside of parentheses indicate the total resources of the given type used by the specific entity and all of its sub-entities in the hierarchy.


Encoding Type:  One-Hot
+-----------------------------------------------------------------------------------------------------------+
; State Machine - |top|byte2ascill:u_byte2ascill|c_state                                                    ;
+--------------+------------+------------+------------+------------+------------+------------+--------------+
; Name         ; c_state.W3 ; c_state.S3 ; c_state.W2 ; c_state.S2 ; c_state.W1 ; c_state.S1 ; c_state.IDLE ;
+--------------+------------+------------+------------+------------+------------+------------+--------------+
; c_state.IDLE ; 0          ; 0          ; 0          ; 0          ; 0          ; 0          ; 0            ;
; c_state.S1   ; 0          ; 0          ; 0          ; 0          ; 0          ; 1          ; 1            ;
; c_state.W1   ; 0          ; 0          ; 0          ; 0          ; 1          ; 0          ; 1            ;
; c_state.S2   ; 0          ; 0          ; 0          ; 1          ; 0          ; 0          ; 1            ;
; c_state.W2   ; 0          ; 0          ; 1          ; 0          ; 0          ; 0          ; 1            ;
; c_state.S3   ; 0          ; 1          ; 0          ; 0          ; 0          ; 0          ; 1            ;
; c_state.W3   ; 1          ; 0          ; 0          ; 0          ; 0          ; 0          ; 1            ;
+--------------+------------+------------+------------+------------+------------+------------+--------------+


+--------------------------------------------------------------------------------+
; Registers Removed During Synthesis                                             ;
+---------------------------------------+----------------------------------------+
; Register name                         ; Reason for Removal                     ;
+---------------------------------------+----------------------------------------+
; byte2ascill:u_byte2ascill|data_out[7] ; Stuck at GND due to stuck port data_in ;
; byte2ascill:u_byte2ascill|c_state~4   ; Lost fanout                            ;
; byte2ascill:u_byte2ascill|c_state~5   ; Lost fanout                            ;
; byte2ascill:u_byte2ascill|c_state~6   ; Lost fanout                            ;
; Total Number of Removed Registers = 4 ;                                        ;
+---------------------------------------+----------------------------------------+


+------------------------------------------------------+
; General Register Statistics                          ;
+----------------------------------------------+-------+
; Statistic                                    ; Value ;
+----------------------------------------------+-------+
; Total registers                              ; 97    ;
; Number of registers using Synchronous Clear  ; 9     ;
; Number of registers using Synchronous Load   ; 0     ;
; Number of registers using Asynchronous Clear ; 97    ;
; Number of registers using Asynchronous Load  ; 0     ;
; Number of registers using Clock Enable       ; 52    ;
; Number of registers using Preset             ; 0     ;
+----------------------------------------------+-------+


+-------------------------------------------------------+
; Inverted Register Statistics                          ;
+---------------------------------------------+---------+
; Inverted Register                           ; Fan out ;
+---------------------------------------------+---------+
; spi_master_adc:u_spi_master_adc|sclk        ; 2       ;
; spi_master_adc:u_spi_master_adc|cs_n        ; 6       ;
; uart_tx:u_uart_tx|tx_data[0]                ; 1       ;
; spi_master_adc:u_spi_master_adc|w_n_start   ; 1       ;
; uart_tx:u_uart_tx|tx_data[1]                ; 1       ;
; uart_rx:u_uart_rx|data_buffer[1]            ; 1       ;
; uart_rx:u_uart_rx|data_buffer[2]            ; 2       ;
; uart_rx:u_uart_rx|data_buffer[3]            ; 2       ;
; uart_rx:u_uart_rx|data_buffer[4]            ; 2       ;
; uart_rx:u_uart_rx|data_buffer[5]            ; 2       ;
; uart_rx:u_uart_rx|data_buffer[6]            ; 2       ;
; uart_rx:u_uart_rx|data_buffer[7]            ; 2       ;
; uart_rx:u_uart_rx|data_buffer[8]            ; 2       ;
; spi_master_adc:u_spi_master_adc|n_start_0d1 ; 2       ;
; spi_master_adc:u_spi_master_adc|n_start_0d2 ; 1       ;
; uart_tx:u_uart_tx|tx_data[2]                ; 1       ;
; uart_rx:u_uart_rx|data_buffer[9]            ; 3       ;
; uart_tx:u_uart_tx|tx_data[3]                ; 1       ;
; uart_rx:u_uart_rx|uart_rxd_d2               ; 3       ;
; uart_tx:u_uart_tx|tx_data[4]                ; 1       ;
; uart_rx:u_uart_rx|uart_rxd_d3               ; 1       ;
; uart_rx:u_uart_rx|uart_rxd_d1               ; 1       ;
; uart_tx:u_uart_tx|tx_data[5]                ; 1       ;
; uart_tx:u_uart_tx|tx_data[6]                ; 1       ;
; uart_tx:u_uart_tx|tx_data[7]                ; 1       ;
; uart_tx:u_uart_tx|tx_data[8]                ; 1       ;
; uart_tx:u_uart_tx|tx_data[9]                ; 2       ;
; Total number of inverted registers = 27     ;         ;
+---------------------------------------------+---------+


+----------------------------------------------------------------------------------------------------------------------------------------------------------------+
; Multiplexer Restructuring Statistics (Restructuring Performed)                                                                                                 ;
+--------------------+-----------+---------------+----------------------+------------------------+------------+--------------------------------------------------+
; Multiplexer Inputs ; Bus Width ; Baseline Area ; Area if Restructured ; Saving if Restructured ; Registered ; Example Multiplexer Output                       ;
+--------------------+-----------+---------------+----------------------+------------------------+------------+--------------------------------------------------+
; 3:1                ; 5 bits    ; 10 LEs        ; 5 LEs                ; 5 LEs                  ; Yes        ; |top|spi_master_adc:u_spi_master_adc|cnt_sclk[4] ;
; 3:1                ; 4 bits    ; 8 LEs         ; 4 LEs                ; 4 LEs                  ; Yes        ; |top|uart_tx:u_uart_tx|cnt_bit[3]                ;
; 3:1                ; 4 bits    ; 8 LEs         ; 4 LEs                ; 4 LEs                  ; Yes        ; |top|uart_tx:u_uart_tx|cnt_tx_div[3]             ;
; 3:1                ; 4 bits    ; 8 LEs         ; 4 LEs                ; 4 LEs                  ; Yes        ; |top|uart_rx:u_uart_rx|cnt_bit[0]                ;
; 4:1                ; 3 bits    ; 6 LEs         ; 6 LEs                ; 0 LEs                  ; Yes        ; |top|byte2ascill:u_byte2ascill|data_out[4]       ;
; 4:1                ; 5 bits    ; 10 LEs        ; 5 LEs                ; 5 LEs                  ; Yes        ; |top|spi_master_adc:u_spi_master_adc|cnt[2]      ;
; 6:1                ; 4 bits    ; 16 LEs        ; 12 LEs               ; 4 LEs                  ; Yes        ; |top|byte2ascill:u_byte2ascill|data_out[0]       ;
; 3:1                ; 8 bits    ; 16 LEs        ; 8 LEs                ; 8 LEs                  ; Yes        ; |top|uart_rx:u_uart_rx|data_buffer[2]            ;
; 4:1                ; 2 bits    ; 4 LEs         ; 4 LEs                ; 0 LEs                  ; Yes        ; |top|uart_tx:u_uart_tx|tx_data[8]                ;
; 4:1                ; 7 bits    ; 14 LEs        ; 14 LEs               ; 0 LEs                  ; Yes        ; |top|uart_tx:u_uart_tx|tx_data[4]                ;
+--------------------+-----------+---------------+----------------------+------------------------+------------+--------------------------------------------------+


+---------------------------------------------------------------------+
; Parameter Settings for User Entity Instance: Top-level Entity: |top ;
+----------------+-------+--------------------------------------------+
; Parameter Name ; Value ; Type                                       ;
+----------------+-------+--------------------------------------------+
; T_DIV_BIT      ; 4     ; Signed Integer                             ;
; T_DIV_0        ; 1111  ; Unsigned Binary                            ;
; T_DIV_HALF_0   ; 0111  ; Unsigned Binary                            ;
; T_DIV_1        ; 0111  ; Unsigned Binary                            ;
; T_DIV_HALF_1   ; 0011  ; Unsigned Binary                            ;
+----------------+-------+--------------------------------------------+
Note: In order to hide this table in the UI and the text report file, please set the "Show Parameter Settings in Synthesis Report" option in "Analysis and Synthesis Settings -> More Settings" to "Off".


+------------------------------------------------------------------------+
; Parameter Settings for User Entity Instance: byte2ascill:u_byte2ascill ;
+----------------+-------+-----------------------------------------------+
; Parameter Name ; Value ; Type                                          ;
+----------------+-------+-----------------------------------------------+
; IDLE           ; 000   ; Unsigned Binary                               ;
; S1             ; 001   ; Unsigned Binary                               ;
; W1             ; 010   ; Unsigned Binary                               ;
; S2             ; 011   ; Unsigned Binary                               ;
; W2             ; 100   ; Unsigned Binary                               ;
; S3             ; 101   ; Unsigned Binary                               ;
; W3             ; 110   ; Unsigned Binary                               ;
+----------------+-------+-----------------------------------------------+
Note: In order to hide this table in the UI and the text report file, please set the "Show Parameter Settings in Synthesis Report" option in "Analysis and Synthesis Settings -> More Settings" to "Off".


+----------------------------------------------------------------+
; Parameter Settings for User Entity Instance: uart_tx:u_uart_tx ;
+----------------+-------+---------------------------------------+
; Parameter Name ; Value ; Type                                  ;
+----------------+-------+---------------------------------------+
; T_DIV_BIT      ; 4     ; Signed Integer                        ;
; T_DIV_0        ; 1111  ; Unsigned Binary                       ;
; T_DIV_HALF_0   ; 0111  ; Unsigned Binary                       ;
; T_DIV_1        ; 0111  ; Unsigned Binary                       ;
; T_DIV_HALF_1   ; 0011  ; Unsigned Binary                       ;
+----------------+-------+---------------------------------------+
Note: In order to hide this table in the UI and the text report file, please set the "Show Parameter Settings in Synthesis Report" option in "Analysis and Synthesis Settings -> More Settings" to "Off".


+----------------------------------------------------------------+
; Parameter Settings for User Entity Instance: uart_rx:u_uart_rx ;
+----------------+-------+---------------------------------------+
; Parameter Name ; Value ; Type                                  ;
+----------------+-------+---------------------------------------+
; T_DIV_BIT      ; 4     ; Signed Integer                        ;
; T_DIV_0        ; 1111  ; Unsigned Binary                       ;
; T_DIV_HALF_0   ; 0111  ; Unsigned Binary                       ;
; T_DIV_1        ; 0111  ; Unsigned Binary                       ;
; T_DIV_HALF_1   ; 0011  ; Unsigned Binary                       ;
+----------------+-------+---------------------------------------+
Note: In order to hide this table in the UI and the text report file, please set the "Show Parameter Settings in Synthesis Report" option in "Analysis and Synthesis Settings -> More Settings" to "Off".


+----------------------------------------------------------------------------------------------------------------------------------------------------+
; Port Connectivity Checks: "fnd:u_fnd_2"                                                                                                            ;
+------+--------+----------+-------------------------------------------------------------------------------------------------------------------------+
; Port ; Type   ; Severity ; Details                                                                                                                 ;
+------+--------+----------+-------------------------------------------------------------------------------------------------------------------------+
; dout ; Output ; Warning  ; Output or bidir port (7 bits) is wider than the port expression (1 bits) it drives; bit(s) "dout[6..1]" have no fanouts ;
+------+--------+----------+-------------------------------------------------------------------------------------------------------------------------+


+----------------------------------------------------------------------------------------------------------------------------------------------------+
; Port Connectivity Checks: "fnd:u_fnd_1"                                                                                                            ;
+------+--------+----------+-------------------------------------------------------------------------------------------------------------------------+
; Port ; Type   ; Severity ; Details                                                                                                                 ;
+------+--------+----------+-------------------------------------------------------------------------------------------------------------------------+
; dout ; Output ; Warning  ; Output or bidir port (7 bits) is wider than the port expression (1 bits) it drives; bit(s) "dout[6..1]" have no fanouts ;
+------+--------+----------+-------------------------------------------------------------------------------------------------------------------------+


+-------------------------------+
; Elapsed Time Per Partition    ;
+----------------+--------------+
; Partition Name ; Elapsed Time ;
+----------------+--------------+
; Top            ; 00:00:00     ;
+----------------+--------------+


+-------------------------------+
; Analysis & Synthesis Messages ;
+-------------------------------+
Info: *******************************************************************
Info: Running Quartus II 64-Bit Analysis & Synthesis
    Info: Version 13.1.0 Build 162 10/23/2013 SJ Web Edition
    Info: Processing started: Fri May 24 11:18:32 2024
Info: Command: quartus_map --read_settings_files=on --write_settings_files=off check_uart_rx -c check_uart_rx
Info (11104): Parallel Compilation has detected 8 hyper-threaded processors. However, the extra hyper-threaded processors will not be used by default. Parallel Compilation will use 4 of the 4 physical processors detected instead.
Info (12021): Found 1 design units, including 1 entities, in source file /users/yjhoo/veriloghdl/3th/fpga/week10/uart_tx.v
    Info (12023): Found entity 1: uart_tx
Info (12021): Found 1 design units, including 1 entities, in source file /users/yjhoo/veriloghdl/3th/fpga/week10/uart_rx.v
    Info (12023): Found entity 1: uart_rx
Info (12021): Found 1 design units, including 1 entities, in source file /users/yjhoo/veriloghdl/3th/fpga/week10/tb_uart_rx.v
    Info (12023): Found entity 1: uart_rx_tb
Info (12021): Found 1 design units, including 1 entities, in source file /users/yjhoo/veriloghdl/3th/fpga/week10/spi_master_adc.v
    Info (12023): Found entity 1: spi_master_adc
Info (12021): Found 1 design units, including 1 entities, in source file /users/yjhoo/veriloghdl/3th/fpga/week10/byte2ascii.v
    Info (12023): Found entity 1: byte2ascill
Info (12021): Found 1 design units, including 1 entities, in source file /users/yjhoo/veriloghdl/3th/fpga/week11/top.v
    Info (12023): Found entity 1: top
Info (12021): Found 1 design units, including 1 entities, in source file /users/yjhoo/veriloghdl/3th/fpga/week11/fnd.v
    Info (12023): Found entity 1: fnd
Info (12127): Elaborating entity "top" for the top level hierarchy
Info (12128): Elaborating entity "spi_master_adc" for hierarchy "spi_master_adc:u_spi_master_adc"
Info (12128): Elaborating entity "byte2ascill" for hierarchy "byte2ascill:u_byte2ascill"
Info (12128): Elaborating entity "uart_tx" for hierarchy "uart_tx:u_uart_tx"
Info (12128): Elaborating entity "uart_rx" for hierarchy "uart_rx:u_uart_rx"
Info (12128): Elaborating entity "fnd" for hierarchy "fnd:u_fnd_1"
Warning (12241): 2 hierarchies have connectivity warnings - see the Connectivity Checks report folder
Info (13000): Registers with preset signals will power-up high
Info (13003): DEV_CLRn pin will set, and not reset, register with preset signal due to NOT Gate Push-Back
Info (286030): Timing-Driven Synthesis is running
Info (17049): 3 registers lost all their fanouts during netlist optimizations.
Info (144001): Generated suppressed messages file C:/Users/yjhoo/VerilogHDL/3th/FPGA/week12/output_files/check_uart_rx.map.smsg
Info (16010): Generating hard_block partition "hard_block:auto_generated_inst"
    Info (16011): Adding 0 node(s), including 0 DDIO, 0 PLL, 0 transceiver and 0 LCELL
Info (21057): Implemented 166 device resources after synthesis - the final resource count might be different
    Info (21058): Implemented 6 input pins
    Info (21059): Implemented 13 output pins
    Info (21061): Implemented 147 logic cells
Info: Quartus II 64-Bit Analysis & Synthesis was successful. 0 errors, 1 warning
    Info: Peak virtual memory: 4642 megabytes
    Info: Processing ended: Fri May 24 11:18:34 2024
    Info: Elapsed time: 00:00:02
    Info: Total CPU time (on all processors): 00:00:01


+------------------------------------------+
; Analysis & Synthesis Suppressed Messages ;
+------------------------------------------+
The suppressed messages can be found in C:/Users/yjhoo/VerilogHDL/3th/FPGA/week12/output_files/check_uart_rx.map.smsg.


